output
├── capi
│   ├── a.out
│   ├── clang-format-c.clang-format
│   ├── clang-format-h.clang-format
│   ├── clang-format.log
│   ├── doxygen.conf
│   ├── doxygen.log
│   ├── doxyreport
│   ├── example_check.c
│   ├── example_pp.c
│   ├── gcc.log
│   ├── libexample_core.h
│   ├── libexample.h
│   └── libexample_pp.h
├── ctypes
│   ├── black.log
│   ├── ctypes_sugar.py
│   ├── example_check.py
│   ├── example.py
│   ├── isort.log
│   └── python3.log
├── example
│   ├── capi
│   └── ctypes
├── nvme
│   ├── capi
│   └── ctypes
└── xnvme
    ├── capi
    └── ctypes

13 directories, 18 files

